[debug] [2023-09-14T08:37:32.614Z] ----------------------------------------------------------------------
[debug] [2023-09-14T08:37:32.615Z] Command:       /Users/witoonruamngoen/.nvm/versions/node/v16.19.1/bin/node /Users/witoonruamngoen/.nvm/versions/node/v16.19.1/bin/firebase init hosting
[debug] [2023-09-14T08:37:32.615Z] CLI Version:   12.5.4
[debug] [2023-09-14T08:37:32.615Z] Platform:      darwin
[debug] [2023-09-14T08:37:32.616Z] Node Version:  v16.19.1
[debug] [2023-09-14T08:37:32.619Z] Time:          Thu Sep 14 2023 15:37:32 GMT+0700 (Indochina Time)
[debug] [2023-09-14T08:37:32.619Z] ----------------------------------------------------------------------
[debug] 
[debug] [2023-09-14T08:37:32.649Z] > command requires scopes: ["email","openid","https://www.googleapis.com/auth/cloudplatformprojects.readonly","https://www.googleapis.com/auth/firebase","https://www.googleapis.com/auth/cloud-platform"]
[debug] [2023-09-14T08:37:32.649Z] > authorizing via signed-in user (witoonaoo@gmail.com)
[info] 
     ######## #### ########  ######## ########     ###     ######  ########
     ##        ##  ##     ## ##       ##     ##  ##   ##  ##       ##
     ######    ##  ########  ######   ########  #########  ######  ######
     ##        ##  ##    ##  ##       ##     ## ##     ##       ## ##
     ##       #### ##     ## ######## ########  ##     ##  ######  ########

You're about to initialize a Firebase project in this directory:

  /Users/witoonruamngoen/Desktop/Jenkins Learning/angular-jenkins

Before we get started, keep in mind:

  * You are initializing within an existing Firebase project directory

[info] 
=== Project Setup
[info] 
[info] First, let's associate this project directory with a Firebase project.
[info] You can create multiple project aliases by running firebase use --add, 
[info] but for now we'll just set up a default project.
[info] 
[debug] [2023-09-14T08:37:32.651Z] Using project from CLI flag: witoonangular
[debug] [2023-09-14T08:37:32.652Z] > refreshing access token with scopes: []
[debug] [2023-09-14T08:37:32.653Z] >>> [apiv2][query] POST https://www.googleapis.com/oauth2/v3/token [none]
[debug] [2023-09-14T08:37:32.653Z] >>> [apiv2][body] POST https://www.googleapis.com/oauth2/v3/token [omitted]
[debug] [2023-09-14T08:37:33.046Z] <<< [apiv2][status] POST https://www.googleapis.com/oauth2/v3/token 200
[debug] [2023-09-14T08:37:33.046Z] <<< [apiv2][body] POST https://www.googleapis.com/oauth2/v3/token [omitted]
[debug] [2023-09-14T08:37:33.061Z] >>> [apiv2][query] GET https://firebase.googleapis.com/v1beta1/projects/witoonangular [none]
[debug] [2023-09-14T08:37:33.607Z] <<< [apiv2][status] GET https://firebase.googleapis.com/v1beta1/projects/witoonangular 200
[debug] [2023-09-14T08:37:33.607Z] <<< [apiv2][body] GET https://firebase.googleapis.com/v1beta1/projects/witoonangular {"projectId":"witoonangular","projectNumber":"624894412535","displayName":"witoonangular","name":"projects/witoonangular","resources":{"hostingSite":"witoonangular"},"state":"ACTIVE","etag":"1_3b237bd2-79cb-4ac7-af53-9bc996d4f5ba"}
[info] i  Using project witoonangular (witoonangular) 
[info] 
=== Hosting Setup
[info] 
[info] Your public directory is the folder (relative to your project directory) that
[info] will contain Hosting assets to be uploaded with firebase deploy. If you
[info] have a build process for your assets, use your build's output directory.
[info] 
